<?xml version="1.0" encoding="UTF-8"?>
<!-- Generated by org.testng.reporters.JUnitReportReporter -->
<testsuite hostname="Neha" failures="0" tests="1" name="test_Facebook.TestCase_1_LoginToFacebook_Correct_Cred" time="4.059" errors="0" timestamp="2025-03-26T21:13:31 IST" skipped="0">
  <testcase classname="test_Facebook.TestCase_1_LoginToFacebook_Correct_Cred" name="loginWithCorrectCred" time="4.059"/>
  <system-out/>
</testsuite> <!-- test_Facebook.TestCase_1_LoginToFacebook_Correct_Cred -->
