<?xml version="1.0" encoding="UTF-8"?>
<!-- Generated by org.testng.reporters.JUnitReportReporter -->
<testsuite hostname="Neha" failures="0" tests="1" name="testng_package.Three" time="0.001" errors="0" timestamp="2025-02-26T20:19:45 IST" skipped="0">
  <testcase classname="testng_package.Three" name="testcase3" time="0.001"/>
  <system-out/>
</testsuite> <!-- testng_package.Three -->
