<?xml version="1.0" encoding="UTF-8"?>
<!-- Generated by org.testng.reporters.JUnitReportReporter -->
<testsuite hostname="Neha" failures="0" tests="1" name="testng_package.Four" time="0.017" errors="0" timestamp="2025-02-26T20:40:34 IST" skipped="0">
  <testcase classname="testng_package.Four" name="testcase1" time="0.017"/>
  <system-out/>
</testsuite> <!-- testng_package.Four -->
