<?xml version="1.0" encoding="UTF-8"?>
<!-- Generated by org.testng.reporters.JUnitReportReporter -->
<testsuite hostname="Neha" failures="0" tests="1" name="testng_programs.TestNG_Program1" time="0.016" errors="0" timestamp="2025-02-27T15:35:41 IST" skipped="0">
  <testcase classname="testng_programs.TestNG_Program1" name="testcase1" time="0.016"/>
  <system-out/>
</testsuite> <!-- testng_programs.TestNG_Program1 -->
